<?xml version="1.0" encoding="UTF-8"?>
<robot generator="Robot 3.1.2 (Python 3.7.3 on win32)" generated="20190618 00:22:06.712" rpa="false">
<suite id="s1" name="CRF API Get Request" source="C:\Users\E102024\CRF_TestAutomation\REST\CRF_API_Get_Request.robot">
<test id="s1-t1" name="TC_01_Get_Request">
<kw name="Create Session" library="RequestsLibrary">
<doc>Create Session: create a HTTP session to a server</doc>
<arguments>
<arg>Test_Get_Request</arg>
<arg>${JSON_SERVICE_URL}</arg>
</arguments>
<msg timestamp="20190618 00:22:06.942" level="INFO">Creating Session using : alias=Test_Get_Request, url=http://127.0.0.1:8080/, headers={},                     cookies=None, auth=None, timeout=None, proxies=None, verify=False,                     debug=0 </msg>
<status status="PASS" starttime="20190618 00:22:06.941" endtime="20190618 00:22:06.942"></status>
</kw>
<kw name="Get Request" library="RequestsLibrary">
<doc>Send a GET request on the session object found using the
given `alias`</doc>
<arguments>
<arg>Test_Get_Request</arg>
<arg>api/auth/token</arg>
</arguments>
<msg timestamp="20190618 00:22:06.950" level="INFO">Get Request using : alias=Test_Get_Request, uri=api/auth/token, headers=None json=None</msg>
<status status="PASS" starttime="20190618 00:22:06.943" endtime="20190618 00:22:06.950"></status>
</kw>
<status status="PASS" starttime="20190618 00:22:06.941" endtime="20190618 00:22:06.951" critical="yes"></status>
</test>
<test id="s1-t2" name="TC_02_Get_Request">
<kw name="Create Session" library="RequestsLibrary">
<doc>Create Session: create a HTTP session to a server</doc>
<arguments>
<arg>Test_Get_User_Request</arg>
<arg>${JSON_SERVICE_URL}</arg>
</arguments>
<msg timestamp="20190618 00:22:06.958" level="INFO">Creating Session using : alias=Test_Get_User_Request, url=http://127.0.0.1:8080/, headers={},                     cookies=None, auth=None, timeout=None, proxies=None, verify=False,                     debug=0 </msg>
<status status="PASS" starttime="20190618 00:22:06.958" endtime="20190618 00:22:06.959"></status>
</kw>
<kw name="Get Request" library="RequestsLibrary">
<doc>Send a GET request on the session object found using the
given `alias`</doc>
<arguments>
<arg>Test_Get_User_Request</arg>
<arg>api/users</arg>
</arguments>
<msg timestamp="20190618 00:22:06.967" level="INFO">Get Request using : alias=Test_Get_User_Request, uri=api/users, headers=None json=None</msg>
<status status="PASS" starttime="20190618 00:22:06.960" endtime="20190618 00:22:06.967"></status>
</kw>
<status status="PASS" starttime="20190618 00:22:06.957" endtime="20190618 00:22:06.967" critical="yes"></status>
</test>
<test id="s1-t3" name="TC_03_Get_JSON">
<kw name="Create Dictionary" library="BuiltIn">
<doc>Creates and returns a dictionary based on the given ``items``.</doc>
<arguments>
<arg>Content-Type=application/json</arg>
</arguments>
<assign>
<var>${headers}</var>
</assign>
<msg timestamp="20190618 00:22:06.974" level="INFO">${headers} = {'Content-Type': 'application/json'}</msg>
<status status="PASS" starttime="20190618 00:22:06.973" endtime="20190618 00:22:06.974"></status>
</kw>
<kw name="Set Test Variable" library="BuiltIn">
<doc>Makes a variable available everywhere within the scope of the current test.</doc>
<arguments>
<arg>${HEADERS}</arg>
<arg>${headers}</arg>
</arguments>
<msg timestamp="20190618 00:22:06.974" level="INFO">${HEADERS} = {'Content-Type': 'application/json'}</msg>
<status status="PASS" starttime="20190618 00:22:06.974" endtime="20190618 00:22:06.974"></status>
</kw>
<kw name="Create Session" library="RequestsLibrary">
<doc>Create Session: create a HTTP session to a server</doc>
<arguments>
<arg>session</arg>
<arg>${JSON_SERVICE_URL}</arg>
<arg>headers=${headers}</arg>
</arguments>
<msg timestamp="20190618 00:22:06.975" level="INFO">Creating Session using : alias=session, url=http://127.0.0.1:8080/, headers={'Content-Type': 'application/json'},                     cookies=None, auth=None, timeout=None, proxies=None, verify=False,                     debug=0 </msg>
<status status="PASS" starttime="20190618 00:22:06.975" endtime="20190618 00:22:06.975"></status>
</kw>
<kw name="Get JSON data">
<doc>Reads the data as JSON object through REST API. The service URI is given as an argument.
Returns the response as a JSON object.</doc>
<arguments>
<arg>/api/users</arg>
</arguments>
<kw name="Get Request" library="RequestsLibrary">
<doc>Send a GET request on the session object found using the
given `alias`</doc>
<arguments>
<arg>session</arg>
<arg>${uri}</arg>
<arg>headers=${HEADERS}</arg>
</arguments>
<assign>
<var>${resp}</var>
</assign>
<msg timestamp="20190618 00:22:06.980" level="INFO">Get Request using : alias=session, uri=/api/users, headers={'Content-Type': 'application/json'} json=None</msg>
<msg timestamp="20190618 00:22:06.980" level="INFO">${resp} = &lt;Response [404]&gt;</msg>
<status status="PASS" starttime="20190618 00:22:06.976" endtime="20190618 00:22:06.981"></status>
</kw>
<kw name="Log" library="BuiltIn">
<doc>Logs the given message with the given level.</doc>
<arguments>
<arg>${resp.content}</arg>
</arguments>
<msg timestamp="20190618 00:22:06.981" level="INFO">&lt;!DOCTYPE HTML PUBLIC "-//W3C//DTD HTML 3.2 Final//EN"&gt;
&lt;title&gt;404 Not Found&lt;/title&gt;
&lt;h1&gt;Not Found&lt;/h1&gt;
&lt;p&gt;The requested URL was not found on the server. If you entered the URL manually please check your spelling and try again.&lt;/p&gt;
</msg>
<status status="PASS" starttime="20190618 00:22:06.981" endtime="20190618 00:22:06.981"></status>
</kw>
<kw name="Should Be Equal As Strings" library="BuiltIn">
<doc>Fails if objects are unequal after converting them to strings.</doc>
<arguments>
<arg>${resp.status_code}</arg>
<arg>200</arg>
</arguments>
<msg timestamp="20190618 00:22:06.981" level="INFO">Argument types are:
&lt;class 'int'&gt;
&lt;type 'unicode'&gt;</msg>
<msg timestamp="20190618 00:22:06.981" level="FAIL">404 != 200</msg>
<status status="FAIL" starttime="20190618 00:22:06.981" endtime="20190618 00:22:06.981"></status>
</kw>
<status status="FAIL" starttime="20190618 00:22:06.975" endtime="20190618 00:22:06.982"></status>
</kw>
<status status="FAIL" starttime="20190618 00:22:06.969" endtime="20190618 00:22:06.982" critical="yes">404 != 200</status>
</test>
<status status="FAIL" starttime="20190618 00:22:06.715" endtime="20190618 00:22:06.990"></status>
</suite>
<statistics>
<total>
<stat pass="2" fail="1">Critical Tests</stat>
<stat pass="2" fail="1">All Tests</stat>
</total>
<tag>
</tag>
<suite>
<stat pass="2" fail="1" id="s1" name="CRF API Get Request">CRF API Get Request</stat>
</suite>
</statistics>
<errors>
<msg timestamp="20190618 00:22:06.937" level="ERROR">Error in file 'C:\Users\E102024\CRF_TestAutomation\REST\CRF_API_Get_Request.robot': Importing test library 'JSONLibrary' failed: ModuleNotFoundError: No module named 'JSONLibrary'
Traceback (most recent call last):
  None
PYTHONPATH:
  C:\Users\E102024\AppData\Local\Programs\Python\Python37\Scripts\robot.exe
  c:\users\e102024\appdata\local\programs\python\python37\python37.zip
  c:\users\e102024\appdata\local\programs\python\python37\DLLs
  c:\users\e102024\appdata\local\programs\python\python37\lib
  c:\users\e102024\appdata\local\programs\python\python37
  c:\users\e102024\appdata\local\programs\python\python37\lib\site-packages</msg>
</errors>
</robot>
